


              ___.   .__.__                                                .______.                                                  
  _____   ____\_ |__ |__|  |   ____               ___________    ____    __| _/\_ |__   _______  ___       ____  ____   _____        
 /     \ /  _ \| __ \|  |  | _/ __ \    ______   /  ___/\__  \  /    \  / __ |  | __ \ /  _ \  \/  /     _/ ___\/  _ \ /     \       
|  Y Y  (  <_> ) \_\ \  |  |_\  ___/   /_____/   \___ \  / __ \|   |  \/ /_/ |  | \_\ (  <_> >    <      \  \__(  <_> )  Y Y  \      
|__|_|  /\____/|___  /__|____/\___  >           /____  >(____  /___|  /\____ |  |___  /\____/__/\_ \  /\  \___  >____/|__|_|  /      
      \/           \/             \/                 \/      \/     \/      \/      \/            \/  \/      \/            \/       

---------------------------------------------------------------------------------------------------------------------------------

	static analysis
	2016-07-13	-	16:59:42


-----------------------------------------------------------------------
	application infos
-----------------------------------------------------------------------
		sha256:	aed3d43ec1557c051d3a80a216b356fa6758905a5c5b2db038717ad668d8a5f6
		md5:	d0400193264a2470962e98a3d1b61e3e
		SDK-Version	
		App-Name	Synteo SPYSAT.eu
		APK-Name	7fa10a458a8f0857ecac94c699cff63c96cc9024.apk

-----------------------------------------------------------------------
	used providers
-----------------------------------------------------------------------

-----------------------------------------------------------------------
	granted permissions
-----------------------------------------------------------------------
		Permission:	android.permission.INTERNET
		Permission:	android.permission.ACCESS_FINE_LOCATION

-----------------------------------------------------------------------
	used features
-----------------------------------------------------------------------

-----------------------------------------------------------------------
	used intents
-----------------------------------------------------------------------
		AndroidManifest	android.intent.action.MAIN

-----------------------------------------------------------------------
	used services and receivers
-----------------------------------------------------------------------
		AndroidManifest	synteo.spysat.SpyService

-----------------------------------------------------------------------
	potentially suspicious api-calls
-----------------------------------------------------------------------
		src/7fa10a458a8f0857ecac94c699cff63c96cc9024/Dump.txt:237	Ljava/lang/Object;->Lcom/admob/android/ads/AdManager; invoke-virtual v0, v1, v2, Landroid/content/pm/PackageManager;->getPackageInfo(Ljava/lang/String; I)Landroid/content/pm/PackageInfo;
		src/7fa10a458a8f0857ecac94c699cff63c96cc9024/Dump.txt:464	Ljava/lang/Object;->Lcom/admob/android/ads/AdManager; invoke-virtual v9, v0, Landroid/content/Context;->getSystemService(Ljava/lang/String;)Ljava/lang/Object;
		src/7fa10a458a8f0857ecac94c699cff63c96cc9024/Dump.txt:492	Ljava/lang/Object;->Lcom/admob/android/ads/AdManager; invoke-virtual v9, v0, Landroid/content/Context;->getSystemService(Ljava/lang/String;)Ljava/lang/Object;
		src/7fa10a458a8f0857ecac94c699cff63c96cc9024/Dump.txt:579	Ljava/lang/Object;->Lcom/admob/android/ads/AdManager; invoke-virtual v3, v1, Landroid/content/Context;->getSystemService(Ljava/lang/String;)Ljava/lang/Object;
		src/7fa10a458a8f0857ecac94c699cff63c96cc9024/Dump.txt:609	Ljava/lang/Object;->Lcom/admob/android/ads/AdManager; invoke-virtual v2, v0, Landroid/content/Context;->getSystemService(Ljava/lang/String;)Ljava/lang/Object;
		src/7fa10a458a8f0857ecac94c699cff63c96cc9024/Dump.txt:11240	Ljava/lang/Object;->Lcom/admob/android/ads/q; invoke-virtual v12, v2, Landroid/app/Activity;->getSystemService(Ljava/lang/String;)Ljava/lang/Object;
		src/7fa10a458a8f0857ecac94c699cff63c96cc9024/Dump.txt:12876	Ljava/lang/Object;->Lcom/admob/android/ads/v; invoke-virtual v2, v0, Landroid/content/Context;->getSystemService(Ljava/lang/String;)Ljava/lang/Object;
		src/7fa10a458a8f0857ecac94c699cff63c96cc9024/Dump.txt:14806	Landroid/app/Service;->Lsynteo/spysat/SpyService; invoke-virtual v6, v0, Lsynteo/spysat/SpyService;->getSystemService(Ljava/lang/String;)Ljava/lang/Object;

-----------------------------------------------------------------------
	URL's and IP's inside the code
-----------------------------------------------------------------------
		src/7fa10a458a8f0857ecac94c699cff63c96cc9024/Dump.txt:0	http://schemas.android.com/apk/res/'
		src/7fa10a458a8f0857ecac94c699cff63c96cc9024/Dump.txt:0	http://a.admob.com/f0?'
		src/7fa10a458a8f0857ecac94c699cff63c96cc9024/Dump.txt:0	http://r.admob.com/ad_source.php'
		src/7fa10a458a8f0857ecac94c699cff63c96cc9024/Dump.txt:0	http://r.admob.com/ad_source.php'
		src/7fa10a458a8f0857ecac94c699cff63c96cc9024/Dump.txt:0	http://r.admob.com/ad_source.php'
		src/7fa10a458a8f0857ecac94c699cff63c96cc9024/Dump.txt:0	http://r.admob.com/ad_source.php'
		src/7fa10a458a8f0857ecac94c699cff63c96cc9024/Dump.txt:0	http://api.admob.com/v1/pubcode/android_sdk_emulator_notice'
		src/7fa10a458a8f0857ecac94c699cff63c96cc9024/Dump.txt:0	http://r.admob.com/ad_source.php'
		src/7fa10a458a8f0857ecac94c699cff63c96cc9024/Dump.txt:0	http://mm.admob.com/static/android/canvas.html'
		src/7fa10a458a8f0857ecac94c699cff63c96cc9024/Dump.txt:0	http://mm.admob.com/static/android/i18n/20101109'
		src/7fa10a458a8f0857ecac94c699cff63c96cc9024/Dump.txt:0	http://mm.admob.com/static/android/canvas.html'
		src/7fa10a458a8f0857ecac94c699cff63c96cc9024/Dump.txt:0	http://spysat.eu/free-gps-tracking-devices_f_21_n_1'
		src/7fa10a458a8f0857ecac94c699cff63c96cc9024/Dump.txt:0	http://www.youtube.com/watch?v=oL9NQMiJe2Y'
		src/7fa10a458a8f0857ecac94c699cff63c96cc9024/Dump.txt:0	http://spysat.pl/dh/g.php?u='
		src/7fa10a458a8f0857ecac94c699cff63c96cc9024/Dump.txt:0	http://spysat.pl/dh/g.php?u='
		src/7fa10a458a8f0857ecac94c699cff63c96cc9024/AndroidManifest.xml:0	http://schemas.android.com/apk/res/android
		src/7fa10a458a8f0857ecac94c699cff63c96cc9024/unpack/classes.dex:0	http://a.admob.com/f0?
		src/7fa10a458a8f0857ecac94c699cff63c96cc9024/src/synteo/spysat/Application.java:0	http://spysat.eu/free-gps-tracking-devices_f_21_n_1
		src/7fa10a458a8f0857ecac94c699cff63c96cc9024/src/synteo/spysat/Application.java:0	http://www.youtube.com/watch?v=oL9NQMiJe2Y
		src/7fa10a458a8f0857ecac94c699cff63c96cc9024/src/synteo/spysat/SpyService$MyCount.java:0	http://spysat.pl/dh/g.php?u=
		src/7fa10a458a8f0857ecac94c699cff63c96cc9024/src/synteo/spysat/SpyService$MyCount.java:0	http://spysat.pl/dh/g.php?u=
		src/7fa10a458a8f0857ecac94c699cff63c96cc9024/src/com/admob/android/ads/y$a.java:0	http://mm.admob.com/static/android/canvas.html
		src/7fa10a458a8f0857ecac94c699cff63c96cc9024/src/com/admob/android/ads/q.java:0	http://mm.admob.com/static/android/canvas.html
		src/7fa10a458a8f0857ecac94c699cff63c96cc9024/src/com/admob/android/ads/b.java:0	http://r.admob.com/ad_source.php
		src/7fa10a458a8f0857ecac94c699cff63c96cc9024/src/com/admob/android/ads/b.java:0	http://r.admob.com/ad_source.php
		src/7fa10a458a8f0857ecac94c699cff63c96cc9024/src/com/admob/android/ads/b.java:0	http://r.admob.com/ad_source.php
		src/7fa10a458a8f0857ecac94c699cff63c96cc9024/src/com/admob/android/ads/t.java:0	http://mm.admob.com/static/android/i18n/20101109
		src/7fa10a458a8f0857ecac94c699cff63c96cc9024/src/com/admob/android/ads/c.java:0	http://api.admob.com/v1/pubcode/android_sdk_emulator_notice
		src/7fa10a458a8f0857ecac94c699cff63c96cc9024/src/com/admob/android/ads/AdView.java:0	http://schemas.android.com/apk/res/
		src/7fa10a458a8f0857ecac94c699cff63c96cc9024/src/com/admob/android/ads/d.java:0	http://r.admob.com/ad_source.php
		src/7fa10a458a8f0857ecac94c699cff63c96cc9024/src/com/admob/android/ads/analytics/InstallReceiver.java:0	http://a.admob.com/f0?



---------------------------------------------------------------------------------------------------------------------------------
	 (c) by mspreitz 2015 		 www.mobile-sandbox.com