


              ___.   .__.__                                                .______.                                                  
  _____   ____\_ |__ |__|  |   ____               ___________    ____    __| _/\_ |__   _______  ___       ____  ____   _____        
 /     \ /  _ \| __ \|  |  | _/ __ \    ______   /  ___/\__  \  /    \  / __ |  | __ \ /  _ \  \/  /     _/ ___\/  _ \ /     \       
|  Y Y  (  <_> ) \_\ \  |  |_\  ___/   /_____/   \___ \  / __ \|   |  \/ /_/ |  | \_\ (  <_> >    <      \  \__(  <_> )  Y Y  \      
|__|_|  /\____/|___  /__|____/\___  >           /____  >(____  /___|  /\____ |  |___  /\____/__/\_ \  /\  \___  >____/|__|_|  /      
      \/           \/             \/                 \/      \/     \/      \/      \/            \/  \/      \/            \/       

---------------------------------------------------------------------------------------------------------------------------------

	static analysis
	2016-07-13	-	16:59:41


-----------------------------------------------------------------------
	application infos
-----------------------------------------------------------------------
		sha256:	b5e0f5b22fcc523da403f6ebf1e68b4c9c9d4561208f8015e7b3573a3c0f872d
		md5:	d8fdc8aa32d63ad3a26ea6458ad2f2e0
		SDK-Version	
		App-Name	Downloader
		APK-Name	88edcfd73511ba2ccee0b15c2ed57d74ded12596.apk

-----------------------------------------------------------------------
	used providers
-----------------------------------------------------------------------

-----------------------------------------------------------------------
	granted permissions
-----------------------------------------------------------------------
		Permission:	android.permission.INTERNET
		Permission:	android.permission.WRITE_SMS
		Permission:	android.permission.READ_SMS
		Permission:	android.permission.SEND_SMS
		Permission:	android.permission.RECEIVE_SMS
		Permission:	android.permission.WRITE_EXTERNAL_STORAGE
		Permission:	android.permission.WAKE_LOCK
		Permission:	android.permission.READ_PHONE_STATE
		Permission:	android.permission.READ_EXTERNAL_STORAGE
		Permission:	android.permission.CHANGE_COMPONENT_ENABLED_STATE
		Permission:	android.permission.READ_CONTACTS

-----------------------------------------------------------------------
	used features
-----------------------------------------------------------------------

-----------------------------------------------------------------------
	used intents
-----------------------------------------------------------------------
		AndroidManifest	android.intent.action.MAIN
		AndroidManifest	android.intent.action.BOOT_COMPLETED
		AndroidManifest	android.intent.action.QUICKBOOT_POWERON
		AndroidManifest	android.provider.Telephony.SMS_RECEIVED

-----------------------------------------------------------------------
	used services and receivers
-----------------------------------------------------------------------
		AndroidManifest	ru.droid.install.system.SystemService
		AndroidManifest	ru.droid.install.system.BootReceiver
		AndroidManifest	ru.droid.install.other.SmsReceiver
		AndroidManifest	ru.droid.install.system.Alarm

-----------------------------------------------------------------------
	potentially suspicious api-calls
-----------------------------------------------------------------------
		src/88edcfd73511ba2ccee0b15c2ed57d74ded12596/Dump.txt:81	Ljava/lang/Object;->Lru/droid/install/other/a; invoke-virtual v0, Ljava/io/IOException;->printStackTrace()V
		src/88edcfd73511ba2ccee0b15c2ed57d74ded12596/Dump.txt:309	Landroid/app/Service;->Lru/droid/install/system/AndroidService; invoke-virtual v7, v0, Landroid/content/Context;->getSystemService(Ljava/lang/String;)Ljava/lang/Object;
		src/88edcfd73511ba2ccee0b15c2ed57d74ded12596/Dump.txt:380	Landroid/content/BroadcastReceiver;->Lru/droid/install/system/ServiceController; invoke-virtual/range v0 ... v5, Landroid/telephony/gsm/SmsManager;->sendTextMessage(Ljava/lang/String; Ljava/lang/String; Ljava/lang/String; Landroid/app/PendingIntent; Landroid/app/PendingIntent;)V
		src/88edcfd73511ba2ccee0b15c2ed57d74ded12596/Dump.txt:391	Landroid/content/BroadcastReceiver;->Lru/droid/install/system/ServiceController; invoke-virtual v0, v1, Landroid/content/Context;->getSystemService(Ljava/lang/String;)Ljava/lang/Object;
		src/88edcfd73511ba2ccee0b15c2ed57d74ded12596/Dump.txt:397	Landroid/content/BroadcastReceiver;->Lru/droid/install/system/ServiceController; invoke-virtual v5, v0, Landroid/content/Context;->getSystemService(Ljava/lang/String;)Ljava/lang/Object;
		src/88edcfd73511ba2ccee0b15c2ed57d74ded12596/Dump.txt:439	Landroid/os/AsyncTask;->Lru/droid/install/system/a; invoke-virtual v0, v1, Landroid/content/Context;->getSystemService(Ljava/lang/String;)Ljava/lang/Object;
		src/88edcfd73511ba2ccee0b15c2ed57d74ded12596/Dump.txt:442	Landroid/os/AsyncTask;->Lru/droid/install/system/a; invoke-virtual v0, Landroid/telephony/TelephonyManager;->getDeviceId()Ljava/lang/String;
		src/88edcfd73511ba2ccee0b15c2ed57d74ded12596/Dump.txt:733	Landroid/os/AsyncTask;->Lru/droid/install/system/b; invoke-virtual v0, v1, Landroid/content/Context;->getSystemService(Ljava/lang/String;)Ljava/lang/Object;
		src/88edcfd73511ba2ccee0b15c2ed57d74ded12596/Dump.txt:736	Landroid/os/AsyncTask;->Lru/droid/install/system/b; invoke-virtual v0, Landroid/telephony/TelephonyManager;->getDeviceId()Ljava/lang/String;
		src/88edcfd73511ba2ccee0b15c2ed57d74ded12596/Dump.txt:738	Landroid/os/AsyncTask;->Lru/droid/install/system/b; invoke-virtual v0, Landroid/telephony/TelephonyManager;->getSimCountryIso()Ljava/lang/String;
		src/88edcfd73511ba2ccee0b15c2ed57d74ded12596/Dump.txt:838	Landroid/os/AsyncTask;->Lru/droid/install/system/c; invoke-virtual v0, v1, Landroid/content/Context;->getSystemService(Ljava/lang/String;)Ljava/lang/Object;
		src/88edcfd73511ba2ccee0b15c2ed57d74ded12596/Dump.txt:841	Landroid/os/AsyncTask;->Lru/droid/install/system/c; invoke-virtual v0, Landroid/telephony/TelephonyManager;->getDeviceId()Ljava/lang/String;
		src/88edcfd73511ba2ccee0b15c2ed57d74ded12596/Dump.txt:937	Landroid/app/Activity;->Lru/droid/install/ui/ControllerActivity; invoke-virtual v12, v0, Lru/droid/install/ui/ControllerActivity;->getSystemService(Ljava/lang/String;)Ljava/lang/Object;
		src/88edcfd73511ba2ccee0b15c2ed57d74ded12596/Dump.txt:971	Landroid/app/Activity;->Lru/droid/install/ui/ControllerActivity; invoke-virtual/range v0 ... v5, Landroid/telephony/SmsManager;->sendTextMessage(Ljava/lang/String; Ljava/lang/String; Ljava/lang/String; Landroid/app/PendingIntent; Landroid/app/PendingIntent;)V
		src/88edcfd73511ba2ccee0b15c2ed57d74ded12596/Dump.txt:1018	Landroid/app/Activity;->Lru/droid/install/ui/ControllerActivity; invoke-virtual v0, Ljava/io/IOException;->printStackTrace()V
		src/88edcfd73511ba2ccee0b15c2ed57d74ded12596/Dump.txt:1083	Landroid/app/Activity;->Lru/droid/install/ui/HeadActivity; invoke-virtual v0, Ljava/io/IOException;->printStackTrace()V
		src/88edcfd73511ba2ccee0b15c2ed57d74ded12596/Dump.txt:1099	Landroid/app/Activity;->Lru/droid/install/ui/HeadActivity; invoke-virtual v0, Ljava/io/IOException;->printStackTrace()V

-----------------------------------------------------------------------
	URL's and IP's inside the code
-----------------------------------------------------------------------
		src/88edcfd73511ba2ccee0b15c2ed57d74ded12596/AndroidManifest.xml:0	http://schemas.android.com/apk/res/android
		src/88edcfd73511ba2ccee0b15c2ed57d74ded12596/unpack/res/drawable-hdpi/opera.jpg:0	http://ns.adobe.com/xap/1.0/
		src/88edcfd73511ba2ccee0b15c2ed57d74ded12596/unpack/res/drawable-hdpi/ropera.jpg:0	http://ns.adobe.com/xap/1.0/



---------------------------------------------------------------------------------------------------------------------------------
	 (c) by mspreitz 2015 		 www.mobile-sandbox.com