


              ___.   .__.__                                                .______.                                                  
  _____   ____\_ |__ |__|  |   ____               ___________    ____    __| _/\_ |__   _______  ___       ____  ____   _____        
 /     \ /  _ \| __ \|  |  | _/ __ \    ______   /  ___/\__  \  /    \  / __ |  | __ \ /  _ \  \/  /     _/ ___\/  _ \ /     \       
|  Y Y  (  <_> ) \_\ \  |  |_\  ___/   /_____/   \___ \  / __ \|   |  \/ /_/ |  | \_\ (  <_> >    <      \  \__(  <_> )  Y Y  \      
|__|_|  /\____/|___  /__|____/\___  >           /____  >(____  /___|  /\____ |  |___  /\____/__/\_ \  /\  \___  >____/|__|_|  /      
      \/           \/             \/                 \/      \/     \/      \/      \/            \/  \/      \/            \/       

---------------------------------------------------------------------------------------------------------------------------------

	static analysis
	2016-07-13	-	16:59:47


-----------------------------------------------------------------------
	application infos
-----------------------------------------------------------------------
		sha256:	68019a986aee3e698f7d141e7900f4c4f3d444de3ab18aa814e1a424f72ccd07
		md5:	15049a1be88207e9a97f6b2c9fe3519e
		SDK-Version	8
		App-Name	BlackList Pro
		APK-Name	ba392828f55104141fa0ab8619885724e02931a0.apk

-----------------------------------------------------------------------
	used providers
-----------------------------------------------------------------------

-----------------------------------------------------------------------
	granted permissions
-----------------------------------------------------------------------
		Permission:	android.permission.SEND_SMS
		Permission:	android.permission.RECEIVE_SMS
		Permission:	android.permission.READ_CONTACTS
		Permission:	android.permission.READ_PHONE_STATE
		Permission:	android.permission.MODIFY_PHONE_STATE
		Permission:	android.permission.CALL_PHONE
		Permission:	android.permission.READ_SMS
		Permission:	android.permission.WRITE_SMS
		Permission:	android.permission.WRITE_CONTACTS
		Permission:	android.permission.MODIFY_AUDIO_SETTINGS
		Permission:	android.permission.WRITE_EXTERNAL_STORAGE
		Permission:	android.permission.RECEIVE_MMS
		Permission:	android.permission.PROCESS_CALL
		Permission:	android.permission.RECEIVE_BOOT_COMPLETED

-----------------------------------------------------------------------
	used features
-----------------------------------------------------------------------

-----------------------------------------------------------------------
	used intents
-----------------------------------------------------------------------
		AndroidManifest	android.intent.action.MAIN
		AndroidManifest	android.provider.Telephony.SMS_RECEIVED

-----------------------------------------------------------------------
	used services and receivers
-----------------------------------------------------------------------
		AndroidManifest	org.baole.app.blacklistpro.machination.Machine

-----------------------------------------------------------------------
	potentially suspicious api-calls
-----------------------------------------------------------------------
		src/ba392828f55104141fa0ab8619885724e02931a0/Dump.txt:55	Landroid/app/Activity;->Lorg/baole/app/blacklistpro/BlackListProActivity; invoke-virtual/range v0 ... v5, Landroid/telephony/SmsManager;->sendTextMessage(Ljava/lang/String; Ljava/lang/String; Ljava/lang/String; Landroid/app/PendingIntent; Landroid/app/PendingIntent;)V
		src/ba392828f55104141fa0ab8619885724e02931a0/Dump.txt:60	Landroid/app/Activity;->Lorg/baole/app/blacklistpro/BlackListProActivity; invoke-virtual/range v0 ... v5, Landroid/telephony/SmsManager;->sendTextMessage(Ljava/lang/String; Ljava/lang/String; Ljava/lang/String; Landroid/app/PendingIntent; Landroid/app/PendingIntent;)V
		src/ba392828f55104141fa0ab8619885724e02931a0/Dump.txt:65	Landroid/app/Activity;->Lorg/baole/app/blacklistpro/BlackListProActivity; invoke-virtual/range v0 ... v5, Landroid/telephony/SmsManager;->sendTextMessage(Ljava/lang/String; Ljava/lang/String; Ljava/lang/String; Landroid/app/PendingIntent; Landroid/app/PendingIntent;)V
		src/ba392828f55104141fa0ab8619885724e02931a0/Dump.txt:70	Landroid/app/Activity;->Lorg/baole/app/blacklistpro/BlackListProActivity; invoke-virtual/range v0 ... v5, Landroid/telephony/SmsManager;->sendTextMessage(Ljava/lang/String; Ljava/lang/String; Ljava/lang/String; Landroid/app/PendingIntent; Landroid/app/PendingIntent;)V
		src/ba392828f55104141fa0ab8619885724e02931a0/Dump.txt:75	Landroid/app/Activity;->Lorg/baole/app/blacklistpro/BlackListProActivity; invoke-virtual/range v0 ... v5, Landroid/telephony/SmsManager;->sendTextMessage(Ljava/lang/String; Ljava/lang/String; Ljava/lang/String; Landroid/app/PendingIntent; Landroid/app/PendingIntent;)V
		src/ba392828f55104141fa0ab8619885724e02931a0/Dump.txt:80	Landroid/app/Activity;->Lorg/baole/app/blacklistpro/BlackListProActivity; invoke-virtual/range v0 ... v5, Landroid/telephony/SmsManager;->sendTextMessage(Ljava/lang/String; Ljava/lang/String; Ljava/lang/String; Landroid/app/PendingIntent; Landroid/app/PendingIntent;)V
		src/ba392828f55104141fa0ab8619885724e02931a0/Dump.txt:85	Landroid/app/Activity;->Lorg/baole/app/blacklistpro/BlackListProActivity; invoke-virtual/range v0 ... v5, Landroid/telephony/SmsManager;->sendTextMessage(Ljava/lang/String; Ljava/lang/String; Ljava/lang/String; Landroid/app/PendingIntent; Landroid/app/PendingIntent;)V
		src/ba392828f55104141fa0ab8619885724e02931a0/Dump.txt:123	Landroid/content/BroadcastReceiver;->Lorg/baole/app/blacklistpro/machination/Machine; invoke-virtual/range v0 ... v5, Landroid/telephony/SmsManager;->sendTextMessage(Ljava/lang/String; Ljava/lang/String; Ljava/lang/String; Landroid/app/PendingIntent; Landroid/app/PendingIntent;)V
		src/ba392828f55104141fa0ab8619885724e02931a0/Dump.txt:138	Landroid/content/BroadcastReceiver;->Lorg/baole/app/blacklistpro/machination/Machine; invoke-virtual v7, Landroid/telephony/SmsMessage;->getMessageBody()Ljava/lang/String;

-----------------------------------------------------------------------
	URL's and IP's inside the code
-----------------------------------------------------------------------
		src/ba392828f55104141fa0ab8619885724e02931a0/AndroidManifest.xml:0	http://schemas.android.com/apk/res/android



---------------------------------------------------------------------------------------------------------------------------------
	 (c) by mspreitz 2015 		 www.mobile-sandbox.com